# JRE version: Java(TM) SE Runtime Environment (23.0.2+7) (build 23.0.2+7-58)
# Java VM: Java HotSpot(TM) 64-Bit Server VM (23.0.2+7-58, mixed mode, sharing, tiered, compressed oops, compressed class ptrs, g1 gc, windows-amd64)
GC Precious Log:
 CardTable entry size: 512
 Card Set container configuration: InlinePtr #cards 5 size 8 Array Of Cards #cards 10 size 36 Howl #buckets 4 coarsen threshold 1843 Howl Bitmap #cards 512 size 80 coarsen threshold 460 Card regions per heap region 1 cards per card region 2048
 CPUs: 12 total, 12 available
 Memory: 7502M
 Large Page Support: Disabled
 NUMA Support: Disabled
 Compressed Oops: Enabled (32-bit)
 Heap Region Size: 1M
 Heap Min Capacity: 8M
 Heap Initial Capacity: 118M
 Heap Max Capacity: 1876M
 Pre-touch: Disabled
 Parallel Workers: 10
 Concurrent Workers: 3
 Concurrent Refinement Workers: 10
 Periodic GC: Disabled
Heap:
 garbage-first heap   total reserved 1921024K, committed 58368K, used 41591K [0x000000008ac00000, 0x0000000100000000)
  region size 1024K, 12 young (12288K), 2 survivors (2048K)
 Metaspace       used 76145K, committed 76928K, reserved 1179648K
  class space    used 10547K, committed 10880K, reserved 1048576K
GC Heap History (20 events):
Event: 6.500 GC heap before
{Heap before GC invocations=9 (full 0):
 garbage-first heap   total reserved 1921024K, committed 51200K, used 42205K [0x000000008ac00000, 0x0000000100000000)
  region size 1024K, 22 young (22528K), 2 survivors (2048K)
 Metaspace       used 40792K, committed 41344K, reserved 1114112K
  class space    used 5466K, committed 5696K, reserved 1048576K
}
Event: 6.503 GC heap after
{Heap after GC invocations=10 (full 0):
 garbage-first heap   total reserved 1921024K, committed 51200K, used 23230K [0x000000008ac00000, 0x0000000100000000)
  region size 1024K, 3 young (3072K), 3 survivors (3072K)
 Metaspace       used 40792K, committed 41344K, reserved 1114112K
  class space    used 5466K, committed 5696K, reserved 1048576K
}
Event: 7.517 GC heap before
{Heap before GC invocations=10 (full 0):
 garbage-first heap   total reserved 1921024K, committed 51200K, used 42686K [0x000000008ac00000, 0x0000000100000000)
  region size 1024K, 23 young (23552K), 3 survivors (3072K)
 Metaspace       used 49560K, committed 50112K, reserved 1114112K
  class space    used 6605K, committed 6848K, reserved 1048576K
}
Event: 7.522 GC heap after
{Heap after GC invocations=11 (full 0):
 garbage-first heap   total reserved 1921024K, committed 51200K, used 24770K [0x000000008ac00000, 0x0000000100000000)
  region size 1024K, 3 young (3072K), 3 survivors (3072K)
 Metaspace       used 49560K, committed 50112K, reserved 1114112K
  class space    used 6605K, committed 6848K, reserved 1048576K
}
Event: 7.952 GC heap before
{Heap before GC invocations=11 (full 0):
 garbage-first heap   total reserved 1921024K, committed 51200K, used 42178K [0x000000008ac00000, 0x0000000100000000)
  region size 1024K, 21 young (21504K), 3 survivors (3072K)
 Metaspace       used 54776K, committed 55360K, reserved 1114112K
  class space    used 7355K, committed 7616K, reserved 1048576K
}
Event: 7.956 GC heap after
{Heap after GC invocations=12 (full 0):
 garbage-first heap   total reserved 1921024K, committed 51200K, used 26263K [0x000000008ac00000, 0x0000000100000000)
  region size 1024K, 2 young (2048K), 2 survivors (2048K)
 Metaspace       used 54776K, committed 55360K, reserved 1114112K
  class space    used 7355K, committed 7616K, reserved 1048576K
}
Event: 8.519 GC heap before
{Heap before GC invocations=12 (full 0):
 garbage-first heap   total reserved 1921024K, committed 51200K, used 44695K [0x000000008ac00000, 0x0000000100000000)
  region size 1024K, 20 young (20480K), 2 survivors (2048K)
 Metaspace       used 59573K, committed 60160K, reserved 1114112K
  class space    used 8122K, committed 8384K, reserved 1048576K
}
Event: 8.524 GC heap after
{Heap after GC invocations=13 (full 0):
 garbage-first heap   total reserved 1921024K, committed 51200K, used 26877K [0x000000008ac00000, 0x0000000100000000)
  region size 1024K, 2 young (2048K), 2 survivors (2048K)
 Metaspace       used 59573K, committed 60160K, reserved 1114112K
  class space    used 8122K, committed 8384K, reserved 1048576K
}
Event: 9.258 GC heap before
{Heap before GC invocations=14 (full 0):
 garbage-first heap   total reserved 1921024K, committed 51200K, used 45309K [0x000000008ac00000, 0x0000000100000000)
  region size 1024K, 20 young (20480K), 2 survivors (2048K)
 Metaspace       used 63176K, committed 63808K, reserved 1114112K
  class space    used 8690K, committed 8960K, reserved 1048576K
}
Event: 9.262 GC heap after
{Heap after GC invocations=15 (full 0):
 garbage-first heap   total reserved 1921024K, committed 51200K, used 28552K [0x000000008ac00000, 0x0000000100000000)
  region size 1024K, 3 young (3072K), 3 survivors (3072K)
 Metaspace       used 63176K, committed 63808K, reserved 1114112K
  class space    used 8690K, committed 8960K, reserved 1048576K
}
Event: 9.691 GC heap before
{Heap before GC invocations=15 (full 0):
 garbage-first heap   total reserved 1921024K, committed 51200K, used 42888K [0x000000008ac00000, 0x0000000100000000)
  region size 1024K, 18 young (18432K), 3 survivors (3072K)
 Metaspace       used 66017K, committed 66688K, reserved 1114112K
  class space    used 9075K, committed 9344K, reserved 1048576K
}
Event: 9.695 GC heap after
{Heap after GC invocations=16 (full 0):
 garbage-first heap   total reserved 1921024K, committed 51200K, used 29454K [0x000000008ac00000, 0x0000000100000000)
  region size 1024K, 3 young (3072K), 3 survivors (3072K)
 Metaspace       used 66017K, committed 66688K, reserved 1114112K
  class space    used 9075K, committed 9344K, reserved 1048576K
}
Event: 10.133 GC heap before
{Heap before GC invocations=16 (full 0):
 garbage-first heap   total reserved 1921024K, committed 51200K, used 44814K [0x000000008ac00000, 0x0000000100000000)
  region size 1024K, 18 young (18432K), 3 survivors (3072K)
 Metaspace       used 68347K, committed 68992K, reserved 1114112K
  class space    used 9421K, committed 9728K, reserved 1048576K
}
Event: 10.138 GC heap after
{Heap after GC invocations=17 (full 0):
 garbage-first heap   total reserved 1921024K, committed 51200K, used 31180K [0x000000008ac00000, 0x0000000100000000)
  region size 1024K, 3 young (3072K), 3 survivors (3072K)
 Metaspace       used 68347K, committed 68992K, reserved 1114112K
  class space    used 9421K, committed 9728K, reserved 1048576K
}
Event: 10.513 GC heap before
{Heap before GC invocations=18 (full 0):
 garbage-first heap   total reserved 1921024K, committed 53248K, used 43468K [0x000000008ac00000, 0x0000000100000000)
  region size 1024K, 15 young (15360K), 3 survivors (3072K)
 Metaspace       used 69967K, committed 70656K, reserved 1114112K
  class space    used 9681K, committed 9984K, reserved 1048576K
}
Event: 10.518 GC heap after
{Heap after GC invocations=19 (full 0):
 garbage-first heap   total reserved 1921024K, committed 53248K, used 32329K [0x000000008ac00000, 0x0000000100000000)
  region size 1024K, 2 young (2048K), 2 survivors (2048K)
 Metaspace       used 69967K, committed 70656K, reserved 1114112K
  class space    used 9681K, committed 9984K, reserved 1048576K
}
Event: 217.326 GC heap before
{Heap before GC invocations=19 (full 0):
 garbage-first heap   total reserved 1921024K, committed 53248K, used 44617K [0x000000008ac00000, 0x0000000100000000)
  region size 1024K, 15 young (15360K), 2 survivors (2048K)
 Metaspace       used 72076K, committed 72768K, reserved 1114112K
  class space    used 9977K, committed 10304K, reserved 1048576K
}
Event: 217.334 GC heap after
{Heap after GC invocations=20 (full 0):
 garbage-first heap   total reserved 1921024K, committed 53248K, used 32927K [0x000000008ac00000, 0x0000000100000000)
  region size 1024K, 1 young (1024K), 1 survivors (1024K)
 Metaspace       used 72076K, committed 72768K, reserved 1114112K
  class space    used 9977K, committed 10304K, reserved 1048576K
}
Event: 284.575 GC heap before
{Heap before GC invocations=20 (full 0):
 garbage-first heap   total reserved 1921024K, committed 53248K, used 46239K [0x000000008ac00000, 0x0000000100000000)
  region size 1024K, 15 young (15360K), 1 survivors (1024K)
 Metaspace       used 75993K, committed 76736K, reserved 1179648K
  class space    used 10542K, committed 10880K, reserved 1048576K
}
Event: 284.580 GC heap after
{Heap after GC invocations=21 (full 0):
 garbage-first heap   total reserved 1921024K, committed 53248K, used 33399K [0x000000008ac00000, 0x0000000100000000)
  region size 1024K, 2 young (2048K), 2 survivors (2048K)
 Metaspace       used 75993K, committed 76736K, reserved 1179648K
  class space    used 10542K, committed 10880K, reserved 1048576K
}

